This is pdfTeX, Version 3.141592653-2.6-1.40.24 (TeX Live 2022) (preloaded format=pdflatex 2023.3.3)  3 MAR 2023 21:29
entering extended mode
 restricted \write18 enabled.
 %&-line parsing enabled.
**EastRiver_Forest_Structure_Paper_01.tex
(./EastRiver_Forest_Structure_Paper_01.tex
LaTeX2e <2022-11-01> patch level 1
L3 programming layer <2023-02-22> (/Users/hmworsham/Library/TinyTeX/texmf-dist/tex/latex/base/article.cls
Document Class: article 2022/07/02 v1.4n Standard LaTeX document class
(/Users/hmworsham/Library/TinyTeX/texmf-dist/tex/latex/base/size12.clo
File: size12.clo 2022/07/02 v1.4n Standard LaTeX file (size option)
)
\c@part=\count185
\c@section=\count186
\c@subsection=\count187
\c@subsubsection=\count188
\c@paragraph=\count189
\c@subparagraph=\count190
\c@figure=\count191
\c@table=\count192
\abovecaptionskip=\skip48
\belowcaptionskip=\skip49
\bibindent=\dimen140
) (/Users/hmworsham/Library/TinyTeX/texmf-dist/tex/latex/amsmath/amsmath.sty
Package: amsmath 2022/04/08 v2.17n AMS math features
\@mathmargin=\skip50
For additional information on amsmath, use the `?' option.
(/Users/hmworsham/Library/TinyTeX/texmf-dist/tex/latex/amsmath/amstext.sty
Package: amstext 2021/08/26 v2.01 AMS text
(/Users/hmworsham/Library/TinyTeX/texmf-dist/tex/latex/amsmath/amsgen.sty
File: amsgen.sty 1999/11/30 v2.0 generic functions
\@emptytoks=\toks16
\ex@=\dimen141
)) (/Users/hmworsham/Library/TinyTeX/texmf-dist/tex/latex/amsmath/amsbsy.sty
Package: amsbsy 1999/11/29 v1.2d Bold Symbols
\pmbraise@=\dimen142
) (/Users/hmworsham/Library/TinyTeX/texmf-dist/tex/latex/amsmath/amsopn.sty
Package: amsopn 2022/04/08 v2.04 operator names
)
\inf@bad=\count193
LaTeX Info: Redefining \frac on input line 234.
\uproot@=\count194
\leftroot@=\count195
LaTeX Info: Redefining \overline on input line 399.
LaTeX Info: Redefining \colon on input line 410.
\classnum@=\count196
\DOTSCASE@=\count197
LaTeX Info: Redefining \ldots on input line 496.
LaTeX Info: Redefining \dots on input line 499.
LaTeX Info: Redefining \cdots on input line 620.
\Mathstrutbox@=\box51
\strutbox@=\box52
LaTeX Info: Redefining \big on input line 722.
LaTeX Info: Redefining \Big on input line 723.
LaTeX Info: Redefining \bigg on input line 724.
LaTeX Info: Redefining \Bigg on input line 725.
\big@size=\dimen143
LaTeX Font Info:    Redeclaring font encoding OML on input line 743.
LaTeX Font Info:    Redeclaring font encoding OMS on input line 744.
\macc@depth=\count198
LaTeX Info: Redefining \bmod on input line 905.
LaTeX Info: Redefining \pmod on input line 910.
LaTeX Info: Redefining \smash on input line 940.
LaTeX Info: Redefining \relbar on input line 970.
LaTeX Info: Redefining \Relbar on input line 971.
\c@MaxMatrixCols=\count199
\dotsspace@=\muskip16
\c@parentequation=\count266
\dspbrk@lvl=\count267
\tag@help=\toks17
\row@=\count268
\column@=\count269
\maxfields@=\count270
\andhelp@=\toks18
\eqnshift@=\dimen144
\alignsep@=\dimen145
\tagshift@=\dimen146
\tagwidth@=\dimen147
\totwidth@=\dimen148
\lineht@=\dimen149
\@envbody=\toks19
\multlinegap=\skip51
\multlinetaggap=\skip52
\mathdisplay@stack=\toks20
LaTeX Info: Redefining \[ on input line 2953.
LaTeX Info: Redefining \] on input line 2954.
) (/Users/hmworsham/Library/TinyTeX/texmf-dist/tex/latex/amsfonts/amssymb.sty
Package: amssymb 2013/01/14 v3.01 AMS font symbols
(/Users/hmworsham/Library/TinyTeX/texmf-dist/tex/latex/amsfonts/amsfonts.sty
Package: amsfonts 2013/01/14 v3.01 Basic AMSFonts support
\symAMSa=\mathgroup4
\symAMSb=\mathgroup5
LaTeX Font Info:    Redeclaring math symbol \hbar on input line 98.
LaTeX Font Info:    Overwriting math alphabet `\mathfrak' in version `bold'
(Font)                  U/euf/m/n --> U/euf/b/n on input line 106.
)) (/Users/hmworsham/Library/TinyTeX/texmf-dist/tex/latex/psnfss/mathpazo.sty
Package: mathpazo 2020/03/25 PSNFSS-v9.3 Palatino w/ Pazo Math (D.Puga, WaS) 
\symupright=\mathgroup6
) (/Users/hmworsham/Library/TinyTeX/texmf-dist/tex/generic/iftex/iftex.sty
Package: iftex 2022/02/03 v1.0f TeX engine tests
) (/Users/hmworsham/Library/TinyTeX/texmf-dist/tex/latex/base/fontenc.sty
Package: fontenc 2021/04/29 v2.0v Standard LaTeX package
LaTeX Font Info:    Trying to load font information for T1+ppl on input line 112.
(/Users/hmworsham/Library/TinyTeX/texmf-dist/tex/latex/psnfss/t1ppl.fd
File: t1ppl.fd 2001/06/04 font definitions for T1/ppl.
)) (/Users/hmworsham/Library/TinyTeX/texmf-dist/tex/latex/base/inputenc.sty
Package: inputenc 2021/02/14 v1.3d Input encoding file
\inpenc@prehook=\toks21
\inpenc@posthook=\toks22
) (/Users/hmworsham/Library/TinyTeX/texmf-dist/tex/latex/base/textcomp.sty
Package: textcomp 2020/02/02 v2.0n Standard LaTeX package
) (/Users/hmworsham/Library/TinyTeX/texmf-dist/tex/latex/upquote/upquote.sty
Package: upquote 2012/04/19 v1.3 upright-quote and grave-accent glyphs in verbatim
) (/Users/hmworsham/Library/TinyTeX/texmf-dist/tex/latex/xcolor/xcolor.sty
Package: xcolor 2022/06/12 v2.14 LaTeX color extensions (UK)
(/Users/hmworsham/Library/TinyTeX/texmf-dist/tex/latex/graphics-cfg/color.cfg
File: color.cfg 2016/01/02 v1.6 sample color configuration
)
Package xcolor Info: Driver file: pdftex.def on input line 227.
(/Users/hmworsham/Library/TinyTeX/texmf-dist/tex/latex/graphics-def/pdftex.def
File: pdftex.def 2022/09/22 v1.2b Graphics/color driver for pdftex
) (/Users/hmworsham/Library/TinyTeX/texmf-dist/tex/latex/graphics/mathcolor.ltx)
Package xcolor Info: Model `cmy' substituted by `cmy0' on input line 1353.
Package xcolor Info: Model `hsb' substituted by `rgb' on input line 1357.
Package xcolor Info: Model `RGB' extended on input line 1369.
Package xcolor Info: Model `HTML' substituted by `rgb' on input line 1371.
Package xcolor Info: Model `Hsb' substituted by `hsb' on input line 1372.
Package xcolor Info: Model `tHsb' substituted by `hsb' on input line 1373.
Package xcolor Info: Model `HSB' substituted by `hsb' on input line 1374.
Package xcolor Info: Model `Gray' substituted by `gray' on input line 1375.
Package xcolor Info: Model `wave' substituted by `hsb' on input line 1376.
) (/Users/hmworsham/Library/TinyTeX/texmf-dist/tex/latex/hyperref/hyperref.sty
Package: hyperref 2023-02-07 v7.00v Hypertext links for LaTeX
(/Users/hmworsham/Library/TinyTeX/texmf-dist/tex/generic/ltxcmds/ltxcmds.sty
Package: ltxcmds 2020-05-10 v1.25 LaTeX kernel commands for general use (HO)
) (/Users/hmworsham/Library/TinyTeX/texmf-dist/tex/generic/pdftexcmds/pdftexcmds.sty
Package: pdftexcmds 2020-06-27 v0.33 Utility functions of pdfTeX for LuaTeX (HO)
(/Users/hmworsham/Library/TinyTeX/texmf-dist/tex/generic/infwarerr/infwarerr.sty
Package: infwarerr 2019/12/03 v1.5 Providing info/warning/error messages (HO)
)
Package pdftexcmds Info: \pdf@primitive is available.
Package pdftexcmds Info: \pdf@ifprimitive is available.
Package pdftexcmds Info: \pdfdraftmode found.
) (/Users/hmworsham/Library/TinyTeX/texmf-dist/tex/latex/graphics/keyval.sty
Package: keyval 2022/05/29 v1.15 key=value parser (DPC)
\KV@toks@=\toks23
) (/Users/hmworsham/Library/TinyTeX/texmf-dist/tex/latex/kvsetkeys/kvsetkeys.sty
Package: kvsetkeys 2022-10-05 v1.19 Key value parser (HO)
) (/Users/hmworsham/Library/TinyTeX/texmf-dist/tex/generic/kvdefinekeys/kvdefinekeys.sty
Package: kvdefinekeys 2019-12-19 v1.6 Define keys (HO)
) (/Users/hmworsham/Library/TinyTeX/texmf-dist/tex/generic/pdfescape/pdfescape.sty
Package: pdfescape 2019/12/09 v1.15 Implements pdfTeX's escape features (HO)
) (/Users/hmworsham/Library/TinyTeX/texmf-dist/tex/latex/hycolor/hycolor.sty
Package: hycolor 2020-01-27 v1.10 Color options for hyperref/bookmark (HO)
) (/Users/hmworsham/Library/TinyTeX/texmf-dist/tex/latex/letltxmacro/letltxmacro.sty
Package: letltxmacro 2019/12/03 v1.6 Let assignment for LaTeX macros (HO)
) (/Users/hmworsham/Library/TinyTeX/texmf-dist/tex/latex/auxhook/auxhook.sty
Package: auxhook 2019-12-17 v1.6 Hooks for auxiliary files (HO)
) (/Users/hmworsham/Library/TinyTeX/texmf-dist/tex/latex/hyperref/nameref.sty
Package: nameref 2022-05-17 v2.50 Cross-referencing by name of section
(/Users/hmworsham/Library/TinyTeX/texmf-dist/tex/latex/refcount/refcount.sty
Package: refcount 2019/12/15 v3.6 Data extraction from label references (HO)
) (/Users/hmworsham/Library/TinyTeX/texmf-dist/tex/generic/gettitlestring/gettitlestring.sty
Package: gettitlestring 2019/12/15 v1.6 Cleanup title references (HO)
(/Users/hmworsham/Library/TinyTeX/texmf-dist/tex/latex/kvoptions/kvoptions.sty
Package: kvoptions 2022-06-15 v3.15 Key value format for package options (HO)
))
\c@section@level=\count271
)
\@linkdim=\dimen150
\Hy@linkcounter=\count272
\Hy@pagecounter=\count273
(/Users/hmworsham/Library/TinyTeX/texmf-dist/tex/latex/hyperref/pd1enc.def
File: pd1enc.def 2023-02-07 v7.00v Hyperref: PDFDocEncoding definition (HO)
Now handling font encoding PD1 ...
... no UTF-8 mapping file for font encoding PD1
) (/Users/hmworsham/Library/TinyTeX/texmf-dist/tex/generic/intcalc/intcalc.sty
Package: intcalc 2019/12/15 v1.3 Expandable calculations with integers (HO)
) (/Users/hmworsham/Library/TinyTeX/texmf-dist/tex/generic/etexcmds/etexcmds.sty
Package: etexcmds 2019/12/15 v1.7 Avoid name clashes with e-TeX commands (HO)
)
\Hy@SavedSpaceFactor=\count274
(/Users/hmworsham/Library/TinyTeX/texmf-dist/tex/latex/hyperref/puenc.def
File: puenc.def 2023-02-07 v7.00v Hyperref: PDF Unicode definition (HO)
Now handling font encoding PU ...
... no UTF-8 mapping file for font encoding PU
)
Package hyperref Info: Option `unicode' set `true' on input line 4060.
Package hyperref Info: Hyper figures OFF on input line 4177.
Package hyperref Info: Link nesting OFF on input line 4182.
Package hyperref Info: Hyper index ON on input line 4185.
Package hyperref Info: Plain pages OFF on input line 4192.
Package hyperref Info: Backreferencing OFF on input line 4197.
Package hyperref Info: Implicit mode ON; LaTeX internals redefined.
Package hyperref Info: Bookmarks ON on input line 4425.
\c@Hy@tempcnt=\count275
(/Users/hmworsham/Library/TinyTeX/texmf-dist/tex/latex/url/url.sty
\Urlmuskip=\muskip17
Package: url 2013/09/16  ver 3.4  Verb mode for urls, etc.
)
LaTeX Info: Redefining \url on input line 4763.
\XeTeXLinkMargin=\dimen151
(/Users/hmworsham/Library/TinyTeX/texmf-dist/tex/generic/bitset/bitset.sty
Package: bitset 2019/12/09 v1.3 Handle bit-vector datatype (HO)
(/Users/hmworsham/Library/TinyTeX/texmf-dist/tex/generic/bigintcalc/bigintcalc.sty
Package: bigintcalc 2019/12/15 v1.5 Expandable calculations on big integers (HO)
))
\Fld@menulength=\count276
\Field@Width=\dimen152
\Fld@charsize=\dimen153
Package hyperref Info: Hyper figures OFF on input line 6042.
Package hyperref Info: Link nesting OFF on input line 6047.
Package hyperref Info: Hyper index ON on input line 6050.
Package hyperref Info: backreferencing OFF on input line 6057.
Package hyperref Info: Link coloring OFF on input line 6062.
Package hyperref Info: Link coloring with OCG OFF on input line 6067.
Package hyperref Info: PDF/A mode OFF on input line 6072.
(/Users/hmworsham/Library/TinyTeX/texmf-dist/tex/latex/base/atbegshi-ltx.sty
Package: atbegshi-ltx 2021/01/10 v1.0c Emulation of the original atbegshi
package with kernel methods
)
\Hy@abspage=\count277
\c@Item=\count278
\c@Hfootnote=\count279
)
Package hyperref Info: Driver (autodetected): hpdftex.
(/Users/hmworsham/Library/TinyTeX/texmf-dist/tex/latex/hyperref/hpdftex.def
File: hpdftex.def 2023-02-07 v7.00v Hyperref driver for pdfTeX
(/Users/hmworsham/Library/TinyTeX/texmf-dist/tex/latex/base/atveryend-ltx.sty
Package: atveryend-ltx 2020/08/19 v1.0a Emulation of the original atveryend package
with kernel methods
)
\Fld@listcount=\count280
\c@bookmark@seq@number=\count281
(/Users/hmworsham/Library/TinyTeX/texmf-dist/tex/latex/rerunfilecheck/rerunfilecheck.sty
Package: rerunfilecheck 2022-07-10 v1.10 Rerun checks for auxiliary files (HO)
(/Users/hmworsham/Library/TinyTeX/texmf-dist/tex/generic/uniquecounter/uniquecounter.sty
Package: uniquecounter 2019/12/15 v1.4 Provide unlimited unique counter (HO)
)
Package uniquecounter Info: New unique counter `rerunfilecheck' on input line 285.
)
\Hy@SectionHShift=\skip53
) (/Users/hmworsham/Library/TinyTeX/texmf-dist/tex/latex/geometry/geometry.sty
Package: geometry 2020/01/02 v5.9 Page Geometry
(/Users/hmworsham/Library/TinyTeX/texmf-dist/tex/generic/iftex/ifvtex.sty
Package: ifvtex 2019/10/25 v1.7 ifvtex legacy package. Use iftex instead.
)
\Gm@cnth=\count282
\Gm@cntv=\count283
\c@Gm@tempcnt=\count284
\Gm@bindingoffset=\dimen154
\Gm@wd@mp=\dimen155
\Gm@odd@mp=\dimen156
\Gm@even@mp=\dimen157
\Gm@layoutwidth=\dimen158
\Gm@layoutheight=\dimen159
\Gm@layouthoffset=\dimen160
\Gm@layoutvoffset=\dimen161
\Gm@dimlist=\toks24
) (/Users/hmworsham/Library/TinyTeX/texmf-dist/tex/latex/tools/longtable.sty
Package: longtable 2021-09-01 v4.17 Multi-page Table package (DPC)
\LTleft=\skip54
\LTright=\skip55
\LTpre=\skip56
\LTpost=\skip57
\LTchunksize=\count285
\LTcapwidth=\dimen162
\LT@head=\box53
\LT@firsthead=\box54
\LT@foot=\box55
\LT@lastfoot=\box56
\LT@gbox=\box57
\LT@cols=\count286
\LT@rows=\count287
\c@LT@tables=\count288
\c@LT@chunks=\count289
\LT@p@ftn=\toks25
) (/Users/hmworsham/Library/TinyTeX/texmf-dist/tex/latex/booktabs/booktabs.sty
Package: booktabs 2020/01/12 v1.61803398 Publication quality tables
\heavyrulewidth=\dimen163
\lightrulewidth=\dimen164
\cmidrulewidth=\dimen165
\belowrulesep=\dimen166
\belowbottomsep=\dimen167
\aboverulesep=\dimen168
\abovetopsep=\dimen169
\cmidrulesep=\dimen170
\cmidrulekern=\dimen171
\defaultaddspace=\dimen172
\@cmidla=\count290
\@cmidlb=\count291
\@aboverulesep=\dimen173
\@belowrulesep=\dimen174
\@thisruleclass=\count292
\@lastruleclass=\count293
\@thisrulewidth=\dimen175
) (/Users/hmworsham/Library/TinyTeX/texmf-dist/tex/latex/tools/array.sty
Package: array 2022/09/04 v2.5g Tabular extension package (FMi)
\col@sep=\dimen176
\ar@mcellbox=\box58
\extrarowheight=\dimen177
\NC@list=\toks26
\extratabsurround=\skip58
\backup@length=\skip59
\ar@cellbox=\box59
) (/Users/hmworsham/Library/TinyTeX/texmf-dist/tex/latex/tools/calc.sty
Package: calc 2017/05/25 v4.3 Infix arithmetic (KKT,FJ)
\calc@Acount=\count294
\calc@Bcount=\count295
\calc@Adimen=\dimen178
\calc@Bdimen=\dimen179
\calc@Askip=\skip60
\calc@Bskip=\skip61
LaTeX Info: Redefining \setlength on input line 80.
LaTeX Info: Redefining \addtolength on input line 81.
\calc@Ccount=\count296
\calc@Cskip=\skip62
) (/Users/hmworsham/Library/TinyTeX/texmf-dist/tex/latex/etoolbox/etoolbox.sty
Package: etoolbox 2020/10/05 v2.5k e-TeX tools for LaTeX (JAW)
\etb@tempcnta=\count297
) (/Users/hmworsham/Library/TinyTeX/texmf-dist/tex/latex/mdwtools/footnote.sty
Package: footnote 1997/01/28 1.13 Save footnotes around boxes
\fn@notes=\box60
\fn@width=\dimen180
) (/Users/hmworsham/Library/TinyTeX/texmf-dist/tex/latex/graphics/graphicx.sty
Package: graphicx 2021/09/16 v1.2d Enhanced LaTeX Graphics (DPC,SPQR)
(/Users/hmworsham/Library/TinyTeX/texmf-dist/tex/latex/graphics/graphics.sty
Package: graphics 2022/03/10 v1.4e Standard LaTeX Graphics (DPC,SPQR)
(/Users/hmworsham/Library/TinyTeX/texmf-dist/tex/latex/graphics/trig.sty
Package: trig 2021/08/11 v1.11 sin cos tan (DPC)
) (/Users/hmworsham/Library/TinyTeX/texmf-dist/tex/latex/graphics-cfg/graphics.cfg
File: graphics.cfg 2016/06/04 v1.11 sample graphics configuration
)
Package graphics Info: Driver file: pdftex.def on input line 107.
)
\Gin@req@height=\dimen181
\Gin@req@width=\dimen182
)
\cslhangindent=\skip63
\csllabelwidth=\skip64
\cslentryspacingunit=\skip65
(/Users/hmworsham/Library/TinyTeX/texmf-dist/tex/latex/setspace/setspace.sty
Package: setspace 2022/12/04 v6.7b set line spacing
) (/Users/hmworsham/Library/TinyTeX/texmf-dist/tex/latex/lineno/lineno.sty
Package: lineno 2023/01/19 line numbers on paragraphs v5.1
\linenopenalty=\count298
\output=\toks27
\linenoprevgraf=\count299
\linenumbersep=\dimen183
\linenumberwidth=\dimen184
\c@linenumber=\count300
\c@pagewiselinenumber=\count301
\c@LN@truepage=\count302
\c@internallinenumber=\count303
\c@internallinenumbers=\count304
\quotelinenumbersep=\dimen185
\bframerule=\dimen186
\bframesep=\dimen187
\bframebox=\box61
\linenoamsmath@ams@eqpen=\count305
LaTeX Info: Redefining \\ on input line 3131.
) (/Users/hmworsham/Library/TinyTeX/texmf-dist/tex/latex/tools/indentfirst.sty
Package: indentfirst 1995/11/23 v1.03 Indent first paragraph (DPC)
) (/Users/hmworsham/Library/TinyTeX/texmf-dist/tex/latex/tools/dcolumn.sty
Package: dcolumn 2014/10/28 v1.06 decimal alignment package (DPC)
) (/Users/hmworsham/Library/TinyTeX/texmf-dist/tex/latex/caption/caption.sty
Package: caption 2022/03/01 v3.6b Customizing captions (AR)
(/Users/hmworsham/Library/TinyTeX/texmf-dist/tex/latex/caption/caption3.sty
Package: caption3 2022/03/17 v2.3b caption3 kernel (AR)
\caption@tempdima=\dimen188
\captionmargin=\dimen189
\caption@leftmargin=\dimen190
\caption@rightmargin=\dimen191
\caption@width=\dimen192
\caption@indent=\dimen193
\caption@parindent=\dimen194
\caption@hangindent=\dimen195
Package caption Info: Standard document class detected.
)
\c@caption@flags=\count306
\c@continuedfloat=\count307
Package caption Info: hyperref package is loaded.
Package caption Info: longtable package is loaded.
(/Users/hmworsham/Library/TinyTeX/texmf-dist/tex/latex/caption/ltcaption.sty
Package: ltcaption 2021/01/08 v1.4c longtable captions (AR)
)) (/Users/hmworsham/Library/TinyTeX/texmf-dist/tex/latex/float/float.sty
Package: float 2001/11/08 v1.3d Float enhancements (AL)
\c@float@type=\count308
\float@exts=\toks28
\float@box=\box62
\@float@everytoks=\toks29
\@floatcapt=\box63
) (/Users/hmworsham/Library/TinyTeX/texmf-dist/tex/latex/tools/afterpage.sty
Package: afterpage 2014/10/28 v1.08 After-Page Package (DPC)
\AP@output=\toks30
\AP@partial=\box64
\AP@footins=\box65
) (/Users/hmworsham/Library/TinyTeX/texmf-dist/tex/latex/siunitx/siunitx.sty
Package: siunitx 2023-02-21 v3.2.1 A comprehensive (SI) units package
\l__siunitx_angle_tmp_dim=\dimen196
\l__siunitx_angle_marker_box=\box66
\l__siunitx_angle_unit_box=\box67
\l__siunitx_compound_count_int=\count309
\l__siunitx_number_exponent_fixed_int=\count310
\l__siunitx_number_min_decimal_int=\count311
\l__siunitx_number_min_integer_int=\count312
\l__siunitx_number_round_precision_int=\count313
\l__siunitx_number_lower_threshold_int=\count314
\l__siunitx_number_upper_threshold_int=\count315
\l__siunitx_number_group_first_int=\count316
\l__siunitx_number_group_size_int=\count317
\l__siunitx_number_group_minimum_int=\count318
\l__siunitx_table_tmp_box=\box68
\l__siunitx_table_tmp_dim=\dimen197
\l__siunitx_table_column_width_dim=\dimen198
\l__siunitx_table_integer_box=\box69
\l__siunitx_table_decimal_box=\box70
\l__siunitx_table_uncert_box=\box71
\l__siunitx_table_before_box=\box72
\l__siunitx_table_after_box=\box73
\l__siunitx_table_before_dim=\dimen199
\l__siunitx_table_carry_dim=\dimen256
\l__siunitx_unit_tmp_int=\count319
\l__siunitx_unit_position_int=\count320
\l__siunitx_unit_total_int=\count321
) (/Users/hmworsham/Library/TinyTeX/texmf-dist/tex/latex/l3backend/l3backend-pdftex.def
File: l3backend-pdftex.def 2023-01-16 L3 backend support: PDF output (pdfTeX)
\l__color_backend_stack_int=\count322
\l__pdf_internal_box=\box74
) (./EastRiver_Forest_Structure_Paper_01.aux)
\openout1 = `EastRiver_Forest_Structure_Paper_01.aux'.

LaTeX Font Info:    Checking defaults for OML/cmm/m/it on input line 111.
LaTeX Font Info:    ... okay on input line 111.
LaTeX Font Info:    Checking defaults for OMS/cmsy/m/n on input line 111.
LaTeX Font Info:    ... okay on input line 111.
LaTeX Font Info:    Checking defaults for OT1/cmr/m/n on input line 111.
LaTeX Font Info:    ... okay on input line 111.
LaTeX Font Info:    Checking defaults for T1/cmr/m/n on input line 111.
LaTeX Font Info:    ... okay on input line 111.
LaTeX Font Info:    Checking defaults for TS1/cmr/m/n on input line 111.
LaTeX Font Info:    ... okay on input line 111.
LaTeX Font Info:    Checking defaults for OMX/cmex/m/n on input line 111.
LaTeX Font Info:    ... okay on input line 111.
LaTeX Font Info:    Checking defaults for U/cmr/m/n on input line 111.
LaTeX Font Info:    ... okay on input line 111.
LaTeX Font Info:    Checking defaults for PD1/pdf/m/n on input line 111.
LaTeX Font Info:    ... okay on input line 111.
LaTeX Font Info:    Checking defaults for PU/pdf/m/n on input line 111.
LaTeX Font Info:    ... okay on input line 111.
(/Users/hmworsham/Library/TinyTeX/texmf-dist/tex/latex/epstopdf-pkg/epstopdf-base.sty
Package: epstopdf-base 2020-01-24 v2.11 Base part for package epstopdf
Package epstopdf-base Info: Redefining graphics rule for `.eps' on input line 485.
(/Users/hmworsham/Library/TinyTeX/texmf-dist/tex/latex/latexconfig/epstopdf-sys.cfg
File: epstopdf-sys.cfg 2010/07/13 v1.3 Configuration of (r)epstopdf for TeX Live
))
Package hyperref Info: Link coloring OFF on input line 111.
(./EastRiver_Forest_Structure_Paper_01.out) (./EastRiver_Forest_Structure_Paper_01.out)
\@outlinefile=\write3
\openout3 = `EastRiver_Forest_Structure_Paper_01.out'.

*geometry* driver: auto-detecting
*geometry* detected driver: pdftex
*geometry* verbose mode - [ preamble ] result:
* driver: pdftex
* paper: <default>
* layout: <same size as paper>
* layoutoffset:(h,v)=(0.0pt,0.0pt)
* modes: 
* h-part:(L,W,R)=(72.26999pt, 469.75502pt, 72.26999pt)
* v-part:(T,H,B)=(72.26999pt, 650.43001pt, 72.26999pt)
* \paperwidth=614.295pt
* \paperheight=794.96999pt
* \textwidth=469.75502pt
* \textheight=650.43001pt
* \oddsidemargin=0.0pt
* \evensidemargin=0.0pt
* \topmargin=-37.0pt
* \headheight=12.0pt
* \headsep=25.0pt
* \topskip=12.0pt
* \footskip=30.0pt
* \marginparwidth=44.0pt
* \marginparsep=10.0pt
* \columnsep=10.0pt
* \skip\footins=10.8pt plus 4.0pt minus 2.0pt
* \hoffset=0.0pt
* \voffset=0.0pt
* \mag=1000
* \@twocolumnfalse
* \@twosidefalse
* \@mparswitchfalse
* \@reversemarginfalse
* (1in=72.27pt=25.4mm, 1cm=28.453pt)

Package caption Info: Begin \AtBeginDocument code.
Package caption Info: float package is loaded.
Package caption Info: End \AtBeginDocument code.
LaTeX Font Info:    Trying to load font information for T1+cmss on input line 113.
(/Users/hmworsham/Library/TinyTeX/texmf-dist/tex/latex/base/t1cmss.fd
File: t1cmss.fd 2022/07/10 v2.5l Standard LaTeX font definitions
)
LaTeX Font Info:    Trying to load font information for OT1+ppl on input line 113.
(/Users/hmworsham/Library/TinyTeX/texmf-dist/tex/latex/psnfss/ot1ppl.fd
File: ot1ppl.fd 2001/06/04 font definitions for OT1/ppl.
)
LaTeX Font Info:    Trying to load font information for OML+zplm on input line 113.
(/Users/hmworsham/Library/TinyTeX/texmf-dist/tex/latex/psnfss/omlzplm.fd
File: omlzplm.fd 2002/09/08 Fontinst v1.914 font definitions for OML/zplm.
)
LaTeX Font Info:    Trying to load font information for OMS+zplm on input line 113.
(/Users/hmworsham/Library/TinyTeX/texmf-dist/tex/latex/psnfss/omszplm.fd
File: omszplm.fd 2002/09/08 Fontinst v1.914 font definitions for OMS/zplm.
)
LaTeX Font Info:    Trying to load font information for OMX+zplm on input line 113.
(/Users/hmworsham/Library/TinyTeX/texmf-dist/tex/latex/psnfss/omxzplm.fd
File: omxzplm.fd 2002/09/08 Fontinst v1.914 font definitions for OMX/zplm.
)
LaTeX Font Info:    Font shape `U/msa/m/n' will be
(Font)              scaled to size 15.0049pt on input line 113.
LaTeX Font Info:    Font shape `U/msa/m/n' will be
(Font)              scaled to size 10.42007pt on input line 113.
LaTeX Font Info:    Font shape `U/msa/m/n' will be
(Font)              scaled to size 8.33606pt on input line 113.
LaTeX Font Info:    Font shape `U/msb/m/n' will be
(Font)              scaled to size 15.0049pt on input line 113.
LaTeX Font Info:    Font shape `U/msb/m/n' will be
(Font)              scaled to size 10.42007pt on input line 113.
LaTeX Font Info:    Font shape `U/msb/m/n' will be
(Font)              scaled to size 8.33606pt on input line 113.
LaTeX Font Info:    Trying to load font information for OT1+zplm on input line 113.
(/Users/hmworsham/Library/TinyTeX/texmf-dist/tex/latex/psnfss/ot1zplm.fd
File: ot1zplm.fd 2002/09/08 Fontinst v1.914 font definitions for OT1/zplm.
)
Overfull \hbox (159.32172pt too wide) in paragraph at lines 113--113
 [] 
 []

[1

{/Users/hmworsham/Library/TinyTeX/texmf-var/fonts/map/pdftex/updmap/pdftex.map}] [2] [3] [4] [5] [6]
Underfull \hbox (badness 1484) in paragraph at lines 322--351
\T1/ppl/m/n/12 ap-pears to im-prove the ac-cu-racy of both object-oriented and continuous-estimate
 []

[7] [8]
LaTeX Font Info:    Trying to load font information for TS1+ppl on input line 419.
(/Users/hmworsham/Library/TinyTeX/texmf-dist/tex/latex/psnfss/ts1ppl.fd
File: ts1ppl.fd 2001/06/04 font definitions for TS1/ppl.
)
LaTeX Font Info:    Font shape `U/msa/m/n' will be
(Font)              scaled to size 12.50409pt on input line 423.
LaTeX Font Info:    Font shape `U/msa/m/n' will be
(Font)              scaled to size 9.37807pt on input line 423.
LaTeX Font Info:    Font shape `U/msa/m/n' will be
(Font)              scaled to size 7.29405pt on input line 423.
LaTeX Font Info:    Font shape `U/msb/m/n' will be
(Font)              scaled to size 12.50409pt on input line 423.
LaTeX Font Info:    Font shape `U/msb/m/n' will be
(Font)              scaled to size 9.37807pt on input line 423.
LaTeX Font Info:    Font shape `U/msb/m/n' will be
(Font)              scaled to size 7.29405pt on input line 423.

LaTeX Warning: Command \textendash invalid in math mode on input line 431.

[9] [10] [11]
LaTeX Font Info:    Trying to load font information for T1+cmtt on input line 553.
(/Users/hmworsham/Library/TinyTeX/texmf-dist/tex/latex/base/t1cmtt.fd
File: t1cmtt.fd 2022/07/10 v2.5l Standard LaTeX font definitions
) [12] [13] [14] [15] [16] [17]
<./Figures/Fig1.png, id=261, 963.6pt x 542.025pt>
File: ./Figures/Fig1.png Graphic file (type png)
<use ./Figures/Fig1.png>
Package pdftex.def Info: ./Figures/Fig1.png  used on input line 717.
(pdftex.def)             Requested size: 469.75679pt x 264.23819pt.

Overfull \hbox (24.00177pt too wide) in paragraph at lines 717--720
[][]
 []

[18

 <./Figures/Fig1.png>] [19

] [20

]
<./Figures/Fig2.png, id=281, 963.6pt x 542.025pt>
File: ./Figures/Fig2.png Graphic file (type png)
<use ./Figures/Fig2.png>
Package pdftex.def Info: ./Figures/Fig2.png  used on input line 804.
(pdftex.def)             Requested size: 469.75679pt x 264.23819pt.

Overfull \hbox (24.00177pt too wide) in paragraph at lines 804--806
[][]
 []

[21

 <./Figures/Fig2.png>]
<./Figures/Fig3.png, id=287, 963.6pt x 542.025pt>
File: ./Figures/Fig3.png Graphic file (type png)
<use ./Figures/Fig3.png>
Package pdftex.def Info: ./Figures/Fig3.png  used on input line 813.
(pdftex.def)             Requested size: 469.75679pt x 264.23819pt.

Overfull \hbox (24.00177pt too wide) in paragraph at lines 813--824
[][]
 []

[22

 <./Figures/Fig3.png>]
<./Figures/Fig4.png, id=294, 2417.03pt x 1499.6025pt>
File: ./Figures/Fig4.png Graphic file (type png)
<use ./Figures/Fig4.png>
Package pdftex.def Info: ./Figures/Fig4.png  used on input line 831.
(pdftex.def)             Requested size: 469.75153pt x 291.44882pt.

Overfull \hbox (23.9965pt too wide) in paragraph at lines 831--832
[][]
 []

[23

 <./Figures/Fig4.png>]
<./Figures/Fig5.png, id=302, 963.6pt x 542.025pt>
File: ./Figures/Fig5.png Graphic file (type png)
<use ./Figures/Fig5.png>
Package pdftex.def Info: ./Figures/Fig5.png  used on input line 839.
(pdftex.def)             Requested size: 469.75679pt x 264.23819pt.

Overfull \hbox (24.00177pt too wide) in paragraph at lines 839--842
[][]
 []

[24

 <./Figures/Fig5.png>]
<./Figures/Fig6.png, id=308, 963.6pt x 542.025pt>
File: ./Figures/Fig6.png Graphic file (type png)
<use ./Figures/Fig6.png>
Package pdftex.def Info: ./Figures/Fig6.png  used on input line 849.
(pdftex.def)             Requested size: 469.75679pt x 264.23819pt.

Overfull \hbox (24.00177pt too wide) in paragraph at lines 849--852
[][]
 []

[25

 <./Figures/Fig6.png>]
Overfull \hbox (4.2152pt too wide) in alignment at lines 867--881
 [] [] [] [] [] 
 []


Overfull \hbox (4.2152pt too wide) in alignment at lines 881--927
 [] [] [] [] [] 
 []

[26

] [27] [28] [29]
<./Figures/Fig7.png, id=333, 963.6pt x 542.025pt>
File: ./Figures/Fig7.png Graphic file (type png)
<use ./Figures/Fig7.png>
Package pdftex.def Info: ./Figures/Fig7.png  used on input line 936.
(pdftex.def)             Requested size: 469.75679pt x 264.23819pt.

Overfull \hbox (24.00177pt too wide) in paragraph at lines 936--939
[][]
 []

[30

 <./Figures/Fig7.png>]
<./Figures/Fig8.png, id=339, 963.6pt x 542.025pt>
File: ./Figures/Fig8.png Graphic file (type png)
<use ./Figures/Fig8.png>
Package pdftex.def Info: ./Figures/Fig8.png  used on input line 946.
(pdftex.def)             Requested size: 469.75679pt x 264.23819pt.

Overfull \hbox (24.00177pt too wide) in paragraph at lines 946--952
[][]
 []

[31

 <./Figures/Fig8.png>]
<./Figures/Fig9.png, id=346, 963.6pt x 542.025pt>
File: ./Figures/Fig9.png Graphic file (type png)
<use ./Figures/Fig9.png>
Package pdftex.def Info: ./Figures/Fig9.png  used on input line 959.
(pdftex.def)             Requested size: 469.75679pt x 264.23819pt.

Overfull \hbox (24.00177pt too wide) in paragraph at lines 959--966
[][]
 []

[32

 <./Figures/Fig9.png>] [33

] [34] (./EastRiver_Forest_Structure_Paper_01.aux)
Package rerunfilecheck Info: File `EastRiver_Forest_Structure_Paper_01.out' has not changed.
(rerunfilecheck)             Checksum: E686EBE5B4158623C4E8664B2F718DF6;5426.
 ) 
Here is how much of TeX's memory you used:
 15957 strings out of 477984
 297007 string characters out of 5838234
 1874388 words of memory out of 5000000
 35777 multiletter control sequences out of 15000+600000
 550438 words of font info for 118 fonts, out of 8000000 for 9000
 14 hyphenation exceptions out of 8191
 75i,7n,76p,398b,1029s stack positions out of 10000i,1000n,20000p,200000b,200000s
 </Users/hmworsham/Library/TinyTeX/texmf-var/fonts/pk/ljfour/jknappen/ec/ectt1200.600pk>{/Users/hmworsham/Library/TinyTeX/texmf-dist/fonts/enc/dvips/base/8r.enc} </Users/hmworsham/Library/TinyTeX/texmf-var/fonts/pk/ljfour/jknappen/ec/ecss0800.450pk></Users/hmworsham/Library/TinyTeX/texmf-dist/fonts/type1/public/amsfonts/cm/cmex10.pfb></Users/hmworsham/Library/TinyTeX/texmf-dist/fonts/type1/public/amsfonts/cm/cmr10.pfb></Users/hmworsham/Library/TinyTeX/texmf-dist/fonts/type1/public/amsfonts/cm/cmsy10.pfb></Users/hmworsham/Library/TinyTeX/texmf-dist/fonts/type1/public/mathpazo/fplmr.pfb></Users/hmworsham/Library/TinyTeX/texmf-dist/fonts/type1/public/mathpazo/fplmri.pfb></Users/hmworsham/Library/TinyTeX/texmf-dist/fonts/type1/urw/palatino/uplb8a.pfb></Users/hmworsham/Library/TinyTeX/texmf-dist/fonts/type1/urw/palatino/uplr8a.pfb></Users/hmworsham/Library/TinyTeX/texmf-dist/fonts/type1/urw/palatino/uplri8a.pfb>
Output written on EastRiver_Forest_Structure_Paper_01.pdf (34 pages, 3338483 bytes).
PDF statistics:
 498 PDF objects out of 1000 (max. 8388607)
 401 compressed objects within 5 object streams
 127 named destinations out of 1000 (max. 500000)
 342 words of extra memory for PDF output out of 10000 (max. 10000000)

