Transferred:   	    2.347 GiB / 2.411 GiB, 97%, 6.235 KiB/s, ETA 2h59m36s
Errors:               364 (retrying may help)
Transferred:       361289 / 371294, 97%
Elapsed time:  71h11m54.4s
Transferring:
 *                      trees_328400_4298050.prj: transferring
 *                      trees_328400_4298050.shx: transferring
 *                      trees_328400_4298100.shp: transferring
 *                      trees_328400_4298150.shp: transferringTransferred:   	    2.347 GiB / 2.411 GiB, 97%, 6.235 KiB/s, ETA 2h59m36s
Errors:               364 (retrying may help)
Transferred:       361289 / 371294, 97%
Elapsed time:  71h11m54.9s
Transferring:
 *                      trees_328400_4298050.prj: transferring
 *                      trees_328400_4298050.shx: transferring
 *                      trees_328400_4298100.shp: transferring
 *                      trees_328400_4298150.shp: transferringTransferred:   	    2.347 GiB / 2.411 GiB, 97%, 6.235 KiB/s, ETA 2h59m36s
Errors:               364 (retrying may help)
Transferred:       361289 / 371294, 97%
Elapsed time:  71h11m55.4s
Transferring:
 *                      trees_328400_4298050.prj: transferring
 *                      trees_328400_4298050.shx: transferring
 *                      trees_328400_4298100.shp: transferring
 *                      trees_328400_4298150.shp: transferring